[08:47:05] [main/INFO]: Setting user: Kirka
[08:47:07] [Client thread/INFO]: LWJGL Version: 2.9.0
[08:47:07] [Client thread/ERROR]: Couldn't set icon
javax.imageio.IIOException: Can't read input file!
	at javax.imageio.ImageIO.read(Unknown Source) ~[?:1.7.0_45]
	at net.minecraft.client.Minecraft.readImage(Minecraft.java:680) ~[Minecraft.class:?]
	at net.minecraft.client.Minecraft.startGame(Minecraft.java:509) [Minecraft.class:?]
	at net.minecraft.client.Minecraft.run(Minecraft.java:931) [Minecraft.class:?]
	at net.minecraft.client.main.Main.main(Main.java:112) [Main.class:?]
	at sun.reflect.NativeMethodAccessorImpl.invoke0(Native Method) ~[?:1.7.0_45]
	at sun.reflect.NativeMethodAccessorImpl.invoke(Unknown Source) ~[?:1.7.0_45]
	at sun.reflect.DelegatingMethodAccessorImpl.invoke(Unknown Source) ~[?:1.7.0_45]
	at java.lang.reflect.Method.invoke(Unknown Source) ~[?:1.7.0_45]
	at net.minecraft.launchwrapper.Launch.launch(Launch.java:134) [launchwrapper-1.9.jar:?]
	at net.minecraft.launchwrapper.Launch.main(Launch.java:28) [launchwrapper-1.9.jar:?]
[08:47:12] [Client thread/INFO]: Reloading ResourceManager: Default, FMLFileResourcePack:Forge Mod Loader, FMLFileResourcePack:Minecraft Forge, FMLFileResourcePack:SteamPowered
[08:47:13] [Sound Library Loader/INFO]: Sound engine started
[08:47:14] [Client thread/INFO]: Created: 512x256 textures/blocks-atlas
[08:47:14] [Client thread/INFO]: Created: 256x256 textures/items-atlas
[08:47:15] [MCO Availability Checker #1/ERROR]: Couldn't connect to Realms
[08:47:20] [Client thread/WARN]: Unable to play unknown soundEvent: minecraft:music.menu
